<?xml version="1.0" encoding="UTF-8"?>
<testng-results ignored="0" total="4" passed="3" failed="1" skipped="0">
  <reporter-output>
    <line>
      <![CDATA[Home page is opened successfully.]]>
    </line>
    <line>
      <![CDATA[Page title is verified.]]>
    </line>
  </reporter-output>
  <suite started-at="2023-08-10T13:35:42 IST" name="Default suite" finished-at="2023-08-10T13:35:52 IST" duration-ms="10141">
    <groups>
    </groups>
    <test started-at="2023-08-10T13:35:42 IST" name="Default test" finished-at="2023-08-10T13:35:52 IST" duration-ms="10141">
      <class name="numaid.testproject.Homepage1">
        <test-method is-config="true" signature="setUp()[pri:0, instance:numaid.testproject.Homepage1@795509d9]" started-at="2023-08-10T13:35:42 IST" name="setUp" finished-at="2023-08-10T13:35:45 IST" duration-ms="2663" status="PASS">
          <reporter-output>
          </reporter-output>
        </test-method> <!-- setUp -->
        <test-method signature="openHomePage()[pri:1, instance:numaid.testproject.Homepage1@795509d9]" started-at="2023-08-10T13:35:45 IST" name="openHomePage" finished-at="2023-08-10T13:35:47 IST" duration-ms="2355" status="PASS">
          <reporter-output>
            <line>
              <![CDATA[Home page is opened successfully.]]>
            </line>
          </reporter-output>
        </test-method> <!-- openHomePage -->
        <test-method is-config="true" signature="tearDown()[pri:0, instance:numaid.testproject.Homepage1@795509d9]" started-at="2023-08-10T13:35:47 IST" name="tearDown" finished-at="2023-08-10T13:35:47 IST" duration-ms="131" status="PASS">
          <reporter-output>
          </reporter-output>
        </test-method> <!-- tearDown -->
        <test-method is-config="true" signature="setUp()[pri:0, instance:numaid.testproject.Homepage1@795509d9]" started-at="2023-08-10T13:35:47 IST" name="setUp" finished-at="2023-08-10T13:35:49 IST" duration-ms="1536" status="PASS">
          <reporter-output>
          </reporter-output>
        </test-method> <!-- setUp -->
        <test-method signature="verifyPageTitle()[pri:2, instance:numaid.testproject.Homepage1@795509d9]" started-at="2023-08-10T13:35:49 IST" name="verifyPageTitle" finished-at="2023-08-10T13:35:49 IST" depends-on-methods="numaid.testproject.Homepage1.openHomePage" duration-ms="15" status="PASS">
          <reporter-output>
            <line>
              <![CDATA[Page title is verified.]]>
            </line>
          </reporter-output>
        </test-method> <!-- verifyPageTitle -->
        <test-method is-config="true" signature="tearDown()[pri:0, instance:numaid.testproject.Homepage1@795509d9]" started-at="2023-08-10T13:35:49 IST" name="tearDown" finished-at="2023-08-10T13:35:49 IST" duration-ms="119" status="PASS">
          <reporter-output>
          </reporter-output>
        </test-method> <!-- tearDown -->
        <test-method is-config="true" signature="setUp()[pri:0, instance:numaid.testproject.Homepage1@795509d9]" started-at="2023-08-10T13:35:49 IST" name="setUp" finished-at="2023-08-10T13:35:50 IST" duration-ms="1519" status="PASS">
          <reporter-output>
          </reporter-output>
        </test-method> <!-- setUp -->
        <test-method signature="clickInterestedButton()[pri:3, instance:numaid.testproject.Homepage1@795509d9]" started-at="2023-08-10T13:35:50 IST" name="clickInterestedButton" finished-at="2023-08-10T13:35:50 IST" depends-on-methods="numaid.testproject.Homepage1.openHomePage" duration-ms="2" status="PASS">
          <reporter-output>
          </reporter-output>
        </test-method> <!-- clickInterestedButton -->
        <test-method is-config="true" signature="tearDown()[pri:0, instance:numaid.testproject.Homepage1@795509d9]" started-at="2023-08-10T13:35:50 IST" name="tearDown" finished-at="2023-08-10T13:35:50 IST" duration-ms="116" status="PASS">
          <reporter-output>
          </reporter-output>
        </test-method> <!-- tearDown -->
        <test-method is-config="true" signature="setUp()[pri:0, instance:numaid.testproject.Homepage1@795509d9]" started-at="2023-08-10T13:35:50 IST" name="setUp" finished-at="2023-08-10T13:35:52 IST" duration-ms="1493" status="PASS">
          <reporter-output>
          </reporter-output>
        </test-method> <!-- setUp -->
        <test-method signature="navigateToJobDetails()[pri:4, instance:numaid.testproject.Homepage1@795509d9]" started-at="2023-08-10T13:35:52 IST" name="navigateToJobDetails" finished-at="2023-08-10T13:35:52 IST" depends-on-methods="numaid.testproject.Homepage1.openHomePage" duration-ms="20" status="FAIL">
          <exception class="org.openqa.selenium.NoSuchElementException">
            <message>
              <![CDATA[no such element: Unable to locate element: {"method":"xpath","selector":"//body/div[@id='career-website-main']/career-website-detail[1]/section[1]/div[3]/career-website-detail-template-2[1]/div[1]/div[3]/div[1]/portal-manual-apply[1]/form[1]/rec-form-component[1]/div[1]/div[1]/div[1]/div[1]/crux-text-component[1]/div[1]/lyte-input[1]/div[1]/input[1]"}
  (Session info: chrome=115.0.5790.171)
For documentation on this error, please visit: https://selenium.dev/exceptions/#no_such_element
Build info: version: '4.9.0', revision: 'd7057100a6'
System info: os.name: 'Windows 11', os.arch: 'amd64', os.version: '10.0', java.version: '17.0.7'
Driver info: org.openqa.selenium.chrome.ChromeDriver
Command: [9f25f5d8f3195f6c42eab49bc09cdf59, findElement {using=xpath, value=//body/div[@id='career-website-main']/career-website-detail[1]/section[1]/div[3]/career-website-detail-template-2[1]/div[1]/div[3]/div[1]/portal-manual-apply[1]/form[1]/rec-form-component[1]/div[1]/div[1]/div[1]/div[1]/crux-text-component[1]/div[1]/lyte-input[1]/div[1]/input[1]}]
Capabilities {acceptInsecureCerts: false, browserName: chrome, browserVersion: 115.0.5790.171, chrome: {chromedriverVersion: 114.0.5735.90 (386bc09e8f4f..., userDataDir: C:\Users\sksha\AppData\Loca...}, goog:chromeOptions: {debuggerAddress: localhost:62029}, networkConnectionEnabled: false, pageLoadStrategy: normal, platformName: WINDOWS, proxy: Proxy(), se:cdp: ws://localhost:62029/devtoo..., se:cdpVersion: 115.0.5790.171, setWindowRect: true, strictFileInteractability: false, timeouts: {implicit: 0, pageLoad: 300000, script: 30000}, unhandledPromptBehavior: dismiss and notify, webauthn:extension:credBlob: true, webauthn:extension:largeBlob: true, webauthn:extension:minPinLength: true, webauthn:extension:prf: true, webauthn:virtualAuthenticators: true}
Session ID: 9f25f5d8f3195f6c42eab49bc09cdf59]]>
            </message>
            <full-stacktrace>
              <![CDATA[org.openqa.selenium.NoSuchElementException: no such element: Unable to locate element: {"method":"xpath","selector":"//body/div[@id='career-website-main']/career-website-detail[1]/section[1]/div[3]/career-website-detail-template-2[1]/div[1]/div[3]/div[1]/portal-manual-apply[1]/form[1]/rec-form-component[1]/div[1]/div[1]/div[1]/div[1]/crux-text-component[1]/div[1]/lyte-input[1]/div[1]/input[1]"}
  (Session info: chrome=115.0.5790.171)
For documentation on this error, please visit: https://selenium.dev/exceptions/#no_such_element
Build info: version: '4.9.0', revision: 'd7057100a6'
System info: os.name: 'Windows 11', os.arch: 'amd64', os.version: '10.0', java.version: '17.0.7'
Driver info: org.openqa.selenium.chrome.ChromeDriver
Command: [9f25f5d8f3195f6c42eab49bc09cdf59, findElement {using=xpath, value=//body/div[@id='career-website-main']/career-website-detail[1]/section[1]/div[3]/career-website-detail-template-2[1]/div[1]/div[3]/div[1]/portal-manual-apply[1]/form[1]/rec-form-component[1]/div[1]/div[1]/div[1]/div[1]/crux-text-component[1]/div[1]/lyte-input[1]/div[1]/input[1]}]
Capabilities {acceptInsecureCerts: false, browserName: chrome, browserVersion: 115.0.5790.171, chrome: {chromedriverVersion: 114.0.5735.90 (386bc09e8f4f..., userDataDir: C:\Users\sksha\AppData\Loca...}, goog:chromeOptions: {debuggerAddress: localhost:62029}, networkConnectionEnabled: false, pageLoadStrategy: normal, platformName: WINDOWS, proxy: Proxy(), se:cdp: ws://localhost:62029/devtoo..., se:cdpVersion: 115.0.5790.171, setWindowRect: true, strictFileInteractability: false, timeouts: {implicit: 0, pageLoad: 300000, script: 30000}, unhandledPromptBehavior: dismiss and notify, webauthn:extension:credBlob: true, webauthn:extension:largeBlob: true, webauthn:extension:minPinLength: true, webauthn:extension:prf: true, webauthn:virtualAuthenticators: true}
Session ID: 9f25f5d8f3195f6c42eab49bc09cdf59
at java.base/jdk.internal.reflect.NativeConstructorAccessorImpl.newInstance0(Native Method)
at java.base/jdk.internal.reflect.NativeConstructorAccessorImpl.newInstance(NativeConstructorAccessorImpl.java:77)
at java.base/jdk.internal.reflect.DelegatingConstructorAccessorImpl.newInstance(DelegatingConstructorAccessorImpl.java:45)
at java.base/java.lang.reflect.Constructor.newInstanceWithCaller(Constructor.java:499)
at java.base/java.lang.reflect.Constructor.newInstance(Constructor.java:480)
at org.openqa.selenium.remote.codec.w3c.W3CHttpResponseCodec.createException(W3CHttpResponseCodec.java:200)
at org.openqa.selenium.remote.codec.w3c.W3CHttpResponseCodec.decode(W3CHttpResponseCodec.java:133)
at org.openqa.selenium.remote.codec.w3c.W3CHttpResponseCodec.decode(W3CHttpResponseCodec.java:53)
at org.openqa.selenium.remote.HttpCommandExecutor.execute(HttpCommandExecutor.java:193)
at org.openqa.selenium.remote.service.DriverCommandExecutor.invokeExecute(DriverCommandExecutor.java:183)
at org.openqa.selenium.remote.service.DriverCommandExecutor.execute(DriverCommandExecutor.java:158)
at org.openqa.selenium.remote.RemoteWebDriver.execute(RemoteWebDriver.java:543)
at org.openqa.selenium.remote.ElementLocation$ElementFinder$2.findElement(ElementLocation.java:162)
at org.openqa.selenium.remote.ElementLocation.findElement(ElementLocation.java:60)
at org.openqa.selenium.remote.RemoteWebDriver.findElement(RemoteWebDriver.java:352)
at org.openqa.selenium.remote.RemoteWebDriver.findElement(RemoteWebDriver.java:344)
at numaid.testproject.Homepage1.navigateToJobDetails(Homepage1.java:53)
at java.base/jdk.internal.reflect.NativeMethodAccessorImpl.invoke0(Native Method)
at java.base/jdk.internal.reflect.NativeMethodAccessorImpl.invoke(NativeMethodAccessorImpl.java:77)
at java.base/jdk.internal.reflect.DelegatingMethodAccessorImpl.invoke(DelegatingMethodAccessorImpl.java:43)
at java.base/java.lang.reflect.Method.invoke(Method.java:568)
at org.testng.internal.invokers.MethodInvocationHelper.invokeMethod(MethodInvocationHelper.java:139)
at org.testng.internal.invokers.TestInvoker.invokeMethod(TestInvoker.java:664)
at org.testng.internal.invokers.TestInvoker.invokeTestMethod(TestInvoker.java:227)
at org.testng.internal.invokers.MethodRunner.runInSequence(MethodRunner.java:50)
at org.testng.internal.invokers.TestInvoker$MethodInvocationAgent.invoke(TestInvoker.java:957)
at org.testng.internal.invokers.TestInvoker.invokeTestMethods(TestInvoker.java:200)
at org.testng.internal.invokers.TestMethodWorker.invokeTestMethods(TestMethodWorker.java:148)
at org.testng.internal.invokers.TestMethodWorker.run(TestMethodWorker.java:128)
at java.base/java.util.ArrayList.forEach(ArrayList.java:1511)
at org.testng.TestRunner.privateRun(TestRunner.java:848)
at org.testng.TestRunner.run(TestRunner.java:621)
at org.testng.SuiteRunner.runTest(SuiteRunner.java:443)
at org.testng.SuiteRunner.runSequentially(SuiteRunner.java:437)
at org.testng.SuiteRunner.privateRun(SuiteRunner.java:397)
at org.testng.SuiteRunner.run(SuiteRunner.java:336)
at org.testng.SuiteRunnerWorker.runSuite(SuiteRunnerWorker.java:52)
at org.testng.SuiteRunnerWorker.run(SuiteRunnerWorker.java:95)
at org.testng.TestNG.runSuitesSequentially(TestNG.java:1280)
at org.testng.TestNG.runSuitesLocally(TestNG.java:1200)
at org.testng.TestNG.runSuites(TestNG.java:1114)
at org.testng.TestNG.run(TestNG.java:1082)
at org.testng.remote.AbstractRemoteTestNG.run(AbstractRemoteTestNG.java:115)
at org.testng.remote.RemoteTestNG.initAndRun(RemoteTestNG.java:251)
at org.testng.remote.RemoteTestNG.main(RemoteTestNG.java:77)
]]>
            </full-stacktrace>
          </exception> <!-- org.openqa.selenium.NoSuchElementException -->
          <reporter-output>
          </reporter-output>
        </test-method> <!-- navigateToJobDetails -->
        <test-method is-config="true" signature="tearDown()[pri:0, instance:numaid.testproject.Homepage1@795509d9]" started-at="2023-08-10T13:35:52 IST" name="tearDown" finished-at="2023-08-10T13:35:52 IST" duration-ms="128" status="PASS">
          <reporter-output>
          </reporter-output>
        </test-method> <!-- tearDown -->
      </class> <!-- numaid.testproject.Homepage1 -->
    </test> <!-- Default test -->
  </suite> <!-- Default suite -->
</testng-results>
